#
# A fatal error has been detected by the Java Runtime Environment:
#
#  EXCEPTION_ACCESS_VIOLATION (0xc0000005) at pc=0x00007fffc1271702, pid=12396, tid=13012
#
# JRE version: OpenJDK Runtime Environment (21.0+35) (build 21+35-2513)
# Java VM: OpenJDK 64-Bit Server VM (21+35-2513, mixed mode, sharing, tiered, compressed oops, compressed class ptrs, g1 gc, windows-amd64)
# Problematic frame:
# C  [glfw.dll+0x11702]
#
# No core dump will be written. Minidumps are not enabled by default on client versions of Windows
#
# If you would like to submit a bug report, please visit:
#   https://bugreport.java.com/bugreport/crash.jsp
# The crash happened outside the Java Virtual Machine in native code.
# See problematic frame for where to report the bug.
#

---------------  S U M M A R Y ------------

Command Line: -Dfile.encoding=windows-1252 -Duser.country=US -Duser.language=en -Duser.variant me.kalmemarq.client.Main --saveDir ./run

Host: Intel(R) Core(TM) i7-8750H CPU @ 2.20GHz, 12 cores, 7G,  Windows 11 , 64 bit Build 22621 (10.0.22621.3085)
Time: Wed Feb 14 16:40:03 2024 GMT Standard Time elapsed time: 1.794919 seconds (0d 0h 0m 1s)

---------------  T H R E A D  ---------------

Current thread (0x000002aa16f36e20):  JavaThread "Main Thread"        [_thread_in_native, id=13012, stack(0x000000f461900000,0x000000f461a00000) (1024K)]

Stack: [0x000000f461900000,0x000000f461a00000],  sp=0x000000f4619fefd0,  free space=1019k
Native frames: (J=compiled Java code, j=interpreted, Vv=VM code, C=native code)
C  [glfw.dll+0x11702]

Java frames: (J=compiled Java code, j=interpreted, Vv=VM code)
j  org.lwjgl.system.JNI.invokePPV(JIJJ)V+0
j  org.lwjgl.glfw.GLFW.nglfwSetWindowIcon(JIJ)V+40
j  org.lwjgl.glfw.GLFW.glfwSetWindowIcon(JLorg/lwjgl/glfw/GLFWImage$Buffer;)V+9
j  me.kalmemarq.client.render.Window.<init>(IILjava/lang/String;)V+528
j  me.kalmemarq.client.Client.<init>(Ljava/nio/file/Path;)V+126
j  me.kalmemarq.client.Main.main([Ljava/lang/String;)V+155
v  ~StubRoutines::call_stub 0x000002aa28b6100d

siginfo: EXCEPTION_ACCESS_VIOLATION (0xc0000005), reading address 0x000002aa03751002


Registers:
RAX=0x000002aa03751001, RBX=0x0000000001010b72, RCX=0x0000000000000400, RDX=0x000002aa03780c00
RSP=0x000000f4619fefd0, RBP=0x000000f4619ff0a9, RSI=0x0000000079050c1a, RDI=0x000002aa02fa01f0
R8 =0x0000000000000300, R9 =0x0000000000000020, R10=0x0000000000000000, R11=0x0000000000000246
R12=0x0000000000000000, R13=0x000002aa03750400, R14=0xffffffffcd050bc0, R15=0x0000000000000001
RIP=0x00007fffc1271702, EFLAGS=0x0000000000010287


Register to memory mapping:

RAX=0x000002aa03751001 is an unknown value
RBX=0x0000000001010b72 is an unknown value
RCX=0x0000000000000400 is an unknown value
RDX=0x000002aa03780c00 points into unknown readable memory: 0x0000000000000000 | 00 00 00 00 00 00 00 00
RSP=0x000000f4619fefd0 is pointing into the stack for thread: 0x000002aa16f36e20
RBP=0x000000f4619ff0a9 is pointing into the stack for thread: 0x000002aa16f36e20
RSI=0x0000000079050c1a is an unknown value
RDI=0x000002aa02fa01f0 points into unknown readable memory: 0x0000002000000020 | 20 00 00 00 20 00 00 00
R8 =0x0000000000000300 is an unknown value
R9 =0x0000000000000020 is an unknown value
R10=0x0 is null
R11=0x0000000000000246 is an unknown value
R12=0x0 is null
R13=0x000002aa03750400 points into unknown readable memory: 0x0000000000000000 | 00 00 00 00 00 00 00 00
R14=0xffffffffcd050bc0 is an unknown value
R15=0x0000000000000001 is an unknown value

Top of Stack: (sp=0x000000f4619fefd0)
0x000000f4619fefd0:   0000000001010b72 000000f4619ff0a9
0x000000f4619fefe0:   0000000000000000 0000000000000000
0x000000f4619feff0:   0000000000000000 0000000000000000
0x000000f4619ff000:   000002aa03780c00 0000000000000000
0x000000f4619ff010:   0000000000000000 0000000000000000
0x000000f4619ff020:   0000000000000000 0000000000000000
0x000000f4619ff030:   000000200000007c 00200001ffffffe0
0x000000f4619ff040:   0000000000000003 0000000000000000
0x000000f4619ff050:   0000000000000000 0000ff0000ff0000
0x000000f4619ff060:   ff000000000000ff 0000000000000000
0x000000f4619ff070:   0000000000000000 0000000000000000
0x000000f4619ff080:   0000000000000000 0000000000000000
0x000000f4619ff090:   0000000000000000 0000000000000000
0x000000f4619ff0a0:   0000000000000000 0000000000000000
0x000000f4619ff0b0:   000084d173074774 000002aa77a4c638
0x000000f4619ff0c0:   000000f4619ff1e8 000002aa16f36e20
0x000000f4619ff0d0:   000002aa02fa01e0 000002aa77a4c638
0x000000f4619ff0e0:   0000000000000000 000002aa02fa01f0
0x000000f4619ff0f0:   000002aa7bd3e530 000002aa02fa01e0
0x000000f4619ff100:   0000000000000002 00007fffc12707e3
0x000000f4619ff110:   000002aa7bd3e530 0000000000000010
0x000000f4619ff120:   0000000000000010 000002aa16f36e20
0x000000f4619ff130:   000000f4619ff238 000002aa28b6ce0b
0x000000f4619ff140:   000002aa77a4c638 000000f4619ff1e8
0x000000f4619ff150:   0000000000000110 0000000000000203
0x000000f4619ff160:   000002aa02fa01e0 00007fffc1267810
0x000000f4619ff170:   000002aa77a4c638 0000000000000110
0x000000f4619ff180:   0000000000000000 000000f4619ff1a0
0x000000f4619ff190:   000000f4619ff200 000002aa28b6ca9f
0x000000f4619ff1a0:   000000f4619ff1a0 000002aa77a4c638
0x000000f4619ff1b0:   000000000000000a 000002aa77a81280
0x000000f4619ff1c0:   0000000000000000 00000000894a7ea8 

Instructions: (pc=0x00007fffc1271702)
0x00007fffc1271602:   04 33 c9 0f 11 45 a7 f7 d8 48 89 74 24 30 0f 11
0x00007fffc1271612:   45 b7 89 45 8f 0f 11 45 97 c7 45 87 7c 00 00 00
0x00007fffc1271622:   0f 11 45 c7 c7 45 93 01 00 20 00 0f 11 45 d7 c7
0x00007fffc1271632:   45 97 03 00 00 00 0f 11 45 e7 c7 45 af 00 00 ff
0x00007fffc1271642:   00 c7 45 b3 00 ff 00 00 c7 45 b7 ff 00 00 00 c7
0x00007fffc1271652:   45 bb 00 00 00 ff ff 15 da ee 01 00 89 74 24 28
0x00007fffc1271662:   4c 8d 4c 24 30 48 8b c8 48 89 74 24 20 45 33 c0
0x00007fffc1271672:   48 8d 55 87 48 8b d8 ff 15 b9 e9 01 00 48 8b d3
0x00007fffc1271682:   33 c9 4c 8b f0 ff 15 a3 ee 01 00 4d 85 f6 75 18
0x00007fffc1271692:   48 8d 15 87 42 05 00 b9 08 00 01 00 e8 ed a9 ff
0x00007fffc12716a2:   ff 33 c0 e9 0b 01 00 00 8b 57 04 41 b9 01 00 00
0x00007fffc12716b2:   00 8b 0f 45 8b c1 48 89 74 24 20 ff 15 5d e9 01
0x00007fffc12716c2:   00 48 8b f0 48 85 c0 75 21 48 8d 15 76 42 05 00
0x00007fffc12716d2:   b9 08 00 01 00 e8 b4 a9 ff ff 49 8b ce ff 15 4b
0x00007fffc12716e2:   e9 01 00 33 c0 e9 c9 00 00 00 8b 07 45 33 c0 0f
0x00007fffc12716f2:   af 47 04 85 c0 7e 53 48 8b 54 24 30 49 8d 45 01
0x00007fffc1271702:   0f b6 48 01 48 8d 40 04 88 0a 41 ff c0 0f b6 50
0x00007fffc1271712:   fc 48 8b 4c 24 30 88 51 01 0f b6 50 fb 48 8b 4c
0x00007fffc1271722:   24 30 88 51 02 0f b6 50 fe 48 8b 4c 24 30 88 51
0x00007fffc1271732:   03 48 8b 54 24 30 8b 0f 48 83 c2 04 0f af 4f 04
0x00007fffc1271742:   48 89 54 24 30 44 3b c1 7c b6 8b 44 24 38 48 8d
0x00007fffc1271752:   4c 24 40 89 44 24 48 c7 44 24 4c 00 00 00 00 44
0x00007fffc1271762:   89 7c 24 40 44 89 64 24 44 48 89 74 24 50 4c 89
0x00007fffc1271772:   74 24 58 ff 15 c5 eb 01 00 49 8b ce 48 8b d8 ff
0x00007fffc1271782:   15 a9 e8 01 00 48 8b ce ff 15 a0 e8 01 00 48 85
0x00007fffc1271792:   db 75 1d 48 8d 15 d4 41 05 00 b9 08 00 01 00 45
0x00007fffc12717a2:   85 ff 75 07 48 8d 15 e3 41 05 00 e8 de a8 ff ff
0x00007fffc12717b2:   48 8b c3 48 8b 4d 07 48 33 cc e8 bf 36 00 00 48
0x00007fffc12717c2:   81 c4 f8 00 00 00 41 5f 41 5e 41 5d 41 5c 5f 5e
0x00007fffc12717d2:   5b 5d c3 cc cc cc cc cc cc cc cc cc cc cc 48 89
0x00007fffc12717e2:   5c 24 18 55 56 57 41 54 41 55 41 56 41 57 48 8d
0x00007fffc12717f2:   6c 24 f0 48 81 ec 10 01 00 00 48 8b 05 25 54 06 


Stack slot to memory mapping:

stack at sp + 0 slots: 0x0000000001010b72 is an unknown value
stack at sp + 1 slots: 0x000000f4619ff0a9 is pointing into the stack for thread: 0x000002aa16f36e20
stack at sp + 2 slots: 0x0 is null
stack at sp + 3 slots: 0x0 is null
stack at sp + 4 slots: 0x0 is null
stack at sp + 5 slots: 0x0 is null
stack at sp + 6 slots: 0x000002aa03780c00 points into unknown readable memory: 0x0000000000000000 | 00 00 00 00 00 00 00 00
stack at sp + 7 slots: 0x0 is null


---------------  P R O C E S S  ---------------

Threads class SMR info:
_java_thread_list=0x000002aa7c3c8240, length=12, elements={
0x000002aa16f36e20, 0x000002aa35f3cc50, 0x000002aa35f3db70, 0x000002aa35f3fa70,
0x000002aa35f41940, 0x000002aa35f45850, 0x000002aa35f48620, 0x000002aa35f49610,
0x000002aa35f56620, 0x000002aa7b20dbc0, 0x000002aa7b216380, 0x000002aa35f58f00
}

Java Threads: ( => current thread )
=>0x000002aa16f36e20 JavaThread "Main Thread"                       [_thread_in_native, id=13012, stack(0x000000f461900000,0x000000f461a00000) (1024K)]
  0x000002aa35f3cc50 JavaThread "Reference Handler"          daemon [_thread_blocked, id=9116, stack(0x000000f462100000,0x000000f462200000) (1024K)]
  0x000002aa35f3db70 JavaThread "Finalizer"                  daemon [_thread_blocked, id=7620, stack(0x000000f462200000,0x000000f462300000) (1024K)]
  0x000002aa35f3fa70 JavaThread "Signal Dispatcher"          daemon [_thread_blocked, id=3364, stack(0x000000f462300000,0x000000f462400000) (1024K)]
  0x000002aa35f41940 JavaThread "Attach Listener"            daemon [_thread_blocked, id=5844, stack(0x000000f462400000,0x000000f462500000) (1024K)]
  0x000002aa35f45850 JavaThread "Service Thread"             daemon [_thread_blocked, id=10356, stack(0x000000f462500000,0x000000f462600000) (1024K)]
  0x000002aa35f48620 JavaThread "Monitor Deflation Thread"   daemon [_thread_blocked, id=12176, stack(0x000000f462600000,0x000000f462700000) (1024K)]
  0x000002aa35f49610 JavaThread "C2 CompilerThread0"         daemon [_thread_blocked, id=7216, stack(0x000000f462700000,0x000000f462800000) (1024K)]
  0x000002aa35f56620 JavaThread "C1 CompilerThread0"         daemon [_thread_blocked, id=6512, stack(0x000000f462800000,0x000000f462900000) (1024K)]
  0x000002aa7b20dbc0 JavaThread "Notification Thread"        daemon [_thread_blocked, id=2404, stack(0x000000f462900000,0x000000f462a00000) (1024K)]
  0x000002aa7b216380 JavaThread "Common-Cleaner"             daemon [_thread_blocked, id=12768, stack(0x000000f462a00000,0x000000f462b00000) (1024K)]
  0x000002aa35f58f00 JavaThread "C2 CompilerThread1"         daemon [_thread_blocked, id=18196, stack(0x000000f462b00000,0x000000f462c00000) (1024K)]
Total: 12

Other Threads:
  0x000002aa35f1efb0 VMThread "VM Thread"                           [id=5348, stack(0x000000f462000000,0x000000f462100000) (1024K)]
  0x000002aa35f05960 WatcherThread "VM Periodic Task Thread"        [id=12552, stack(0x000000f461f00000,0x000000f462000000) (1024K)]
  0x000002aa19248380 WorkerThread "GC Thread#0"                     [id=6064, stack(0x000000f461a00000,0x000000f461b00000) (1024K)]
  0x000002aa7bc74890 WorkerThread "GC Thread#1"                     [id=1468, stack(0x000000f462c00000,0x000000f462d00000) (1024K)]
  0x000002aa7bc86740 WorkerThread "GC Thread#2"                     [id=7332, stack(0x000000f462d00000,0x000000f462e00000) (1024K)]
  0x000002aa7bd07be0 WorkerThread "GC Thread#3"                     [id=11656, stack(0x000000f462e00000,0x000000f462f00000) (1024K)]
  0x000002aa7bc39be0 WorkerThread "GC Thread#4"                     [id=17604, stack(0x000000f462f00000,0x000000f463000000) (1024K)]
  0x000002aa7bc39f80 WorkerThread "GC Thread#5"                     [id=4468, stack(0x000000f463000000,0x000000f463100000) (1024K)]
  0x000002aa7bc67f20 WorkerThread "GC Thread#6"                     [id=1732, stack(0x000000f463100000,0x000000f463200000) (1024K)]
  0x000002aa7bc6c8e0 WorkerThread "GC Thread#7"                     [id=8056, stack(0x000000f463200000,0x000000f463300000) (1024K)]
  0x000002aa7bc6cee0 WorkerThread "GC Thread#8"                     [id=2796, stack(0x000000f463300000,0x000000f463400000) (1024K)]
  0x000002aa1925b530 ConcurrentGCThread "G1 Main Marker"            [id=10176, stack(0x000000f461b00000,0x000000f461c00000) (1024K)]
  0x000002aa1925c7d0 WorkerThread "G1 Conc#0"                       [id=10280, stack(0x000000f461c00000,0x000000f461d00000) (1024K)]
  0x000002aa35dda530 ConcurrentGCThread "G1 Refine#0"               [id=9708, stack(0x000000f461d00000,0x000000f461e00000) (1024K)]
  0x000002aa192ad2e0 ConcurrentGCThread "G1 Service"                [id=9296, stack(0x000000f461e00000,0x000000f461f00000) (1024K)]
Total: 15

Threads with active compile tasks:
Total: 0

VM state: not at safepoint (normal execution)

VM Mutex/Monitor currently owned by a thread: None

Heap address: 0x0000000082000000, size: 2016 MB, Compressed Oops mode: 32-bit

CDS archive(s) mapped at: [0x000002aa36000000-0x000002aa36c90000-0x000002aa36c90000), size 13172736, SharedBaseAddress: 0x000002aa36000000, ArchiveRelocationMode: 1.
Compressed class space mapped at: 0x000002aa37000000-0x000002aa77000000, reserved size: 1073741824
Narrow klass base: 0x000002aa36000000, Narrow klass shift: 0, Narrow klass range: 0x100000000

GC Precious Log:
 CardTable entry size: 512
 Card Set container configuration: InlinePtr #cards 5 size 8 Array Of Cards #cards 12 size 40 Howl #buckets 4 coarsen threshold 1843 Howl Bitmap #cards 512 size 80 coarsen threshold 460 Card regions per heap region 1 cards per card region 2048
 CPUs: 12 total, 12 available
 Memory: 8063M
 Large Page Support: Disabled
 NUMA Support: Disabled
 Compressed Oops: Enabled (32-bit)
 Heap Region Size: 1M
 Heap Min Capacity: 8M
 Heap Initial Capacity: 126M
 Heap Max Capacity: 2016M
 Pre-touch: Disabled
 Parallel Workers: 10
 Concurrent Workers: 3
 Concurrent Refinement Workers: 10
 Periodic GC: Disabled

Heap:
 garbage-first heap   total 129024K, used 17103K [0x0000000082000000, 0x0000000100000000)
  region size 1024K, 17 young (17408K), 3 survivors (3072K)
 Metaspace       used 13015K, committed 13312K, reserved 1114112K
  class space    used 1387K, committed 1536K, reserved 1048576K

Heap Regions: E=young(eden), S=young(survivor), O=old, HS=humongous(starts), HC=humongous(continues), CS=collection set, F=free, TAMS=top-at-mark-start, PB=parsable bottom
|   0|0x0000000082000000, 0x00000000820b3fb8, 0x0000000082100000| 70%| O|  |TAMS 0x0000000082000000| PB 0x0000000082000000| Untracked 
|   1|0x0000000082100000, 0x0000000082100000, 0x0000000082200000|  0%| F|  |TAMS 0x0000000082100000| PB 0x0000000082100000| Untracked 
|   2|0x0000000082200000, 0x0000000082200000, 0x0000000082300000|  0%| F|  |TAMS 0x0000000082200000| PB 0x0000000082200000| Untracked 
|   3|0x0000000082300000, 0x0000000082300000, 0x0000000082400000|  0%| F|  |TAMS 0x0000000082300000| PB 0x0000000082300000| Untracked 
|   4|0x0000000082400000, 0x0000000082400000, 0x0000000082500000|  0%| F|  |TAMS 0x0000000082400000| PB 0x0000000082400000| Untracked 
|   5|0x0000000082500000, 0x0000000082500000, 0x0000000082600000|  0%| F|  |TAMS 0x0000000082500000| PB 0x0000000082500000| Untracked 
|   6|0x0000000082600000, 0x0000000082600000, 0x0000000082700000|  0%| F|  |TAMS 0x0000000082600000| PB 0x0000000082600000| Untracked 
|   7|0x0000000082700000, 0x0000000082700000, 0x0000000082800000|  0%| F|  |TAMS 0x0000000082700000| PB 0x0000000082700000| Untracked 
|   8|0x0000000082800000, 0x0000000082800000, 0x0000000082900000|  0%| F|  |TAMS 0x0000000082800000| PB 0x0000000082800000| Untracked 
|   9|0x0000000082900000, 0x0000000082900000, 0x0000000082a00000|  0%| F|  |TAMS 0x0000000082900000| PB 0x0000000082900000| Untracked 
|  10|0x0000000082a00000, 0x0000000082a00000, 0x0000000082b00000|  0%| F|  |TAMS 0x0000000082a00000| PB 0x0000000082a00000| Untracked 
|  11|0x0000000082b00000, 0x0000000082b00000, 0x0000000082c00000|  0%| F|  |TAMS 0x0000000082b00000| PB 0x0000000082b00000| Untracked 
|  12|0x0000000082c00000, 0x0000000082c00000, 0x0000000082d00000|  0%| F|  |TAMS 0x0000000082c00000| PB 0x0000000082c00000| Untracked 
|  13|0x0000000082d00000, 0x0000000082d00000, 0x0000000082e00000|  0%| F|  |TAMS 0x0000000082d00000| PB 0x0000000082d00000| Untracked 
|  14|0x0000000082e00000, 0x0000000082e00000, 0x0000000082f00000|  0%| F|  |TAMS 0x0000000082e00000| PB 0x0000000082e00000| Untracked 
|  15|0x0000000082f00000, 0x0000000082f00000, 0x0000000083000000|  0%| F|  |TAMS 0x0000000082f00000| PB 0x0000000082f00000| Untracked 
|  16|0x0000000083000000, 0x0000000083000000, 0x0000000083100000|  0%| F|  |TAMS 0x0000000083000000| PB 0x0000000083000000| Untracked 
|  17|0x0000000083100000, 0x0000000083100000, 0x0000000083200000|  0%| F|  |TAMS 0x0000000083100000| PB 0x0000000083100000| Untracked 
|  18|0x0000000083200000, 0x0000000083200000, 0x0000000083300000|  0%| F|  |TAMS 0x0000000083200000| PB 0x0000000083200000| Untracked 
|  19|0x0000000083300000, 0x0000000083300000, 0x0000000083400000|  0%| F|  |TAMS 0x0000000083300000| PB 0x0000000083300000| Untracked 
|  20|0x0000000083400000, 0x0000000083400000, 0x0000000083500000|  0%| F|  |TAMS 0x0000000083400000| PB 0x0000000083400000| Untracked 
|  21|0x0000000083500000, 0x0000000083500000, 0x0000000083600000|  0%| F|  |TAMS 0x0000000083500000| PB 0x0000000083500000| Untracked 
|  22|0x0000000083600000, 0x0000000083600000, 0x0000000083700000|  0%| F|  |TAMS 0x0000000083600000| PB 0x0000000083600000| Untracked 
|  23|0x0000000083700000, 0x0000000083700000, 0x0000000083800000|  0%| F|  |TAMS 0x0000000083700000| PB 0x0000000083700000| Untracked 
|  24|0x0000000083800000, 0x0000000083800000, 0x0000000083900000|  0%| F|  |TAMS 0x0000000083800000| PB 0x0000000083800000| Untracked 
|  25|0x0000000083900000, 0x0000000083900000, 0x0000000083a00000|  0%| F|  |TAMS 0x0000000083900000| PB 0x0000000083900000| Untracked 
|  26|0x0000000083a00000, 0x0000000083a00000, 0x0000000083b00000|  0%| F|  |TAMS 0x0000000083a00000| PB 0x0000000083a00000| Untracked 
|  27|0x0000000083b00000, 0x0000000083b00000, 0x0000000083c00000|  0%| F|  |TAMS 0x0000000083b00000| PB 0x0000000083b00000| Untracked 
|  28|0x0000000083c00000, 0x0000000083c00000, 0x0000000083d00000|  0%| F|  |TAMS 0x0000000083c00000| PB 0x0000000083c00000| Untracked 
|  29|0x0000000083d00000, 0x0000000083d00000, 0x0000000083e00000|  0%| F|  |TAMS 0x0000000083d00000| PB 0x0000000083d00000| Untracked 
|  30|0x0000000083e00000, 0x0000000083e00000, 0x0000000083f00000|  0%| F|  |TAMS 0x0000000083e00000| PB 0x0000000083e00000| Untracked 
|  31|0x0000000083f00000, 0x0000000083f00000, 0x0000000084000000|  0%| F|  |TAMS 0x0000000083f00000| PB 0x0000000083f00000| Untracked 
|  32|0x0000000084000000, 0x0000000084000000, 0x0000000084100000|  0%| F|  |TAMS 0x0000000084000000| PB 0x0000000084000000| Untracked 
|  33|0x0000000084100000, 0x0000000084100000, 0x0000000084200000|  0%| F|  |TAMS 0x0000000084100000| PB 0x0000000084100000| Untracked 
|  34|0x0000000084200000, 0x0000000084200000, 0x0000000084300000|  0%| F|  |TAMS 0x0000000084200000| PB 0x0000000084200000| Untracked 
|  35|0x0000000084300000, 0x0000000084300000, 0x0000000084400000|  0%| F|  |TAMS 0x0000000084300000| PB 0x0000000084300000| Untracked 
|  36|0x0000000084400000, 0x0000000084400000, 0x0000000084500000|  0%| F|  |TAMS 0x0000000084400000| PB 0x0000000084400000| Untracked 
|  37|0x0000000084500000, 0x0000000084500000, 0x0000000084600000|  0%| F|  |TAMS 0x0000000084500000| PB 0x0000000084500000| Untracked 
|  38|0x0000000084600000, 0x0000000084600000, 0x0000000084700000|  0%| F|  |TAMS 0x0000000084600000| PB 0x0000000084600000| Untracked 
|  39|0x0000000084700000, 0x0000000084700000, 0x0000000084800000|  0%| F|  |TAMS 0x0000000084700000| PB 0x0000000084700000| Untracked 
|  40|0x0000000084800000, 0x0000000084800000, 0x0000000084900000|  0%| F|  |TAMS 0x0000000084800000| PB 0x0000000084800000| Untracked 
|  41|0x0000000084900000, 0x0000000084900000, 0x0000000084a00000|  0%| F|  |TAMS 0x0000000084900000| PB 0x0000000084900000| Untracked 
|  42|0x0000000084a00000, 0x0000000084a00000, 0x0000000084b00000|  0%| F|  |TAMS 0x0000000084a00000| PB 0x0000000084a00000| Untracked 
|  43|0x0000000084b00000, 0x0000000084b00000, 0x0000000084c00000|  0%| F|  |TAMS 0x0000000084b00000| PB 0x0000000084b00000| Untracked 
|  44|0x0000000084c00000, 0x0000000084c00000, 0x0000000084d00000|  0%| F|  |TAMS 0x0000000084c00000| PB 0x0000000084c00000| Untracked 
|  45|0x0000000084d00000, 0x0000000084d00000, 0x0000000084e00000|  0%| F|  |TAMS 0x0000000084d00000| PB 0x0000000084d00000| Untracked 
|  46|0x0000000084e00000, 0x0000000084e00000, 0x0000000084f00000|  0%| F|  |TAMS 0x0000000084e00000| PB 0x0000000084e00000| Untracked 
|  47|0x0000000084f00000, 0x0000000084f00000, 0x0000000085000000|  0%| F|  |TAMS 0x0000000084f00000| PB 0x0000000084f00000| Untracked 
|  48|0x0000000085000000, 0x0000000085000000, 0x0000000085100000|  0%| F|  |TAMS 0x0000000085000000| PB 0x0000000085000000| Untracked 
|  49|0x0000000085100000, 0x0000000085100000, 0x0000000085200000|  0%| F|  |TAMS 0x0000000085100000| PB 0x0000000085100000| Untracked 
|  50|0x0000000085200000, 0x0000000085200000, 0x0000000085300000|  0%| F|  |TAMS 0x0000000085200000| PB 0x0000000085200000| Untracked 
|  51|0x0000000085300000, 0x0000000085300000, 0x0000000085400000|  0%| F|  |TAMS 0x0000000085300000| PB 0x0000000085300000| Untracked 
|  52|0x0000000085400000, 0x0000000085400000, 0x0000000085500000|  0%| F|  |TAMS 0x0000000085400000| PB 0x0000000085400000| Untracked 
|  53|0x0000000085500000, 0x0000000085500000, 0x0000000085600000|  0%| F|  |TAMS 0x0000000085500000| PB 0x0000000085500000| Untracked 
|  54|0x0000000085600000, 0x0000000085600000, 0x0000000085700000|  0%| F|  |TAMS 0x0000000085600000| PB 0x0000000085600000| Untracked 
|  55|0x0000000085700000, 0x0000000085700000, 0x0000000085800000|  0%| F|  |TAMS 0x0000000085700000| PB 0x0000000085700000| Untracked 
|  56|0x0000000085800000, 0x0000000085800000, 0x0000000085900000|  0%| F|  |TAMS 0x0000000085800000| PB 0x0000000085800000| Untracked 
|  57|0x0000000085900000, 0x0000000085900000, 0x0000000085a00000|  0%| F|  |TAMS 0x0000000085900000| PB 0x0000000085900000| Untracked 
|  58|0x0000000085a00000, 0x0000000085a00000, 0x0000000085b00000|  0%| F|  |TAMS 0x0000000085a00000| PB 0x0000000085a00000| Untracked 
|  59|0x0000000085b00000, 0x0000000085b00000, 0x0000000085c00000|  0%| F|  |TAMS 0x0000000085b00000| PB 0x0000000085b00000| Untracked 
|  60|0x0000000085c00000, 0x0000000085c00000, 0x0000000085d00000|  0%| F|  |TAMS 0x0000000085c00000| PB 0x0000000085c00000| Untracked 
|  61|0x0000000085d00000, 0x0000000085d00000, 0x0000000085e00000|  0%| F|  |TAMS 0x0000000085d00000| PB 0x0000000085d00000| Untracked 
|  62|0x0000000085e00000, 0x0000000085e00000, 0x0000000085f00000|  0%| F|  |TAMS 0x0000000085e00000| PB 0x0000000085e00000| Untracked 
|  63|0x0000000085f00000, 0x0000000085f00000, 0x0000000086000000|  0%| F|  |TAMS 0x0000000085f00000| PB 0x0000000085f00000| Untracked 
|  64|0x0000000086000000, 0x0000000086000000, 0x0000000086100000|  0%| F|  |TAMS 0x0000000086000000| PB 0x0000000086000000| Untracked 
|  65|0x0000000086100000, 0x0000000086100000, 0x0000000086200000|  0%| F|  |TAMS 0x0000000086100000| PB 0x0000000086100000| Untracked 
|  66|0x0000000086200000, 0x0000000086200000, 0x0000000086300000|  0%| F|  |TAMS 0x0000000086200000| PB 0x0000000086200000| Untracked 
|  67|0x0000000086300000, 0x0000000086300000, 0x0000000086400000|  0%| F|  |TAMS 0x0000000086300000| PB 0x0000000086300000| Untracked 
|  68|0x0000000086400000, 0x0000000086400000, 0x0000000086500000|  0%| F|  |TAMS 0x0000000086400000| PB 0x0000000086400000| Untracked 
|  69|0x0000000086500000, 0x0000000086500000, 0x0000000086600000|  0%| F|  |TAMS 0x0000000086500000| PB 0x0000000086500000| Untracked 
|  70|0x0000000086600000, 0x0000000086600000, 0x0000000086700000|  0%| F|  |TAMS 0x0000000086600000| PB 0x0000000086600000| Untracked 
|  71|0x0000000086700000, 0x0000000086700000, 0x0000000086800000|  0%| F|  |TAMS 0x0000000086700000| PB 0x0000000086700000| Untracked 
|  72|0x0000000086800000, 0x0000000086800000, 0x0000000086900000|  0%| F|  |TAMS 0x0000000086800000| PB 0x0000000086800000| Untracked 
|  73|0x0000000086900000, 0x0000000086900000, 0x0000000086a00000|  0%| F|  |TAMS 0x0000000086900000| PB 0x0000000086900000| Untracked 
|  74|0x0000000086a00000, 0x0000000086a00000, 0x0000000086b00000|  0%| F|  |TAMS 0x0000000086a00000| PB 0x0000000086a00000| Untracked 
|  75|0x0000000086b00000, 0x0000000086b00000, 0x0000000086c00000|  0%| F|  |TAMS 0x0000000086b00000| PB 0x0000000086b00000| Untracked 
|  76|0x0000000086c00000, 0x0000000086c00000, 0x0000000086d00000|  0%| F|  |TAMS 0x0000000086c00000| PB 0x0000000086c00000| Untracked 
|  77|0x0000000086d00000, 0x0000000086d00000, 0x0000000086e00000|  0%| F|  |TAMS 0x0000000086d00000| PB 0x0000000086d00000| Untracked 
|  78|0x0000000086e00000, 0x0000000086e00000, 0x0000000086f00000|  0%| F|  |TAMS 0x0000000086e00000| PB 0x0000000086e00000| Untracked 
|  79|0x0000000086f00000, 0x0000000086f00000, 0x0000000087000000|  0%| F|  |TAMS 0x0000000086f00000| PB 0x0000000086f00000| Untracked 
|  80|0x0000000087000000, 0x0000000087000000, 0x0000000087100000|  0%| F|  |TAMS 0x0000000087000000| PB 0x0000000087000000| Untracked 
|  81|0x0000000087100000, 0x0000000087100000, 0x0000000087200000|  0%| F|  |TAMS 0x0000000087100000| PB 0x0000000087100000| Untracked 
|  82|0x0000000087200000, 0x0000000087200000, 0x0000000087300000|  0%| F|  |TAMS 0x0000000087200000| PB 0x0000000087200000| Untracked 
|  83|0x0000000087300000, 0x0000000087300000, 0x0000000087400000|  0%| F|  |TAMS 0x0000000087300000| PB 0x0000000087300000| Untracked 
|  84|0x0000000087400000, 0x0000000087400000, 0x0000000087500000|  0%| F|  |TAMS 0x0000000087400000| PB 0x0000000087400000| Untracked 
|  85|0x0000000087500000, 0x0000000087500000, 0x0000000087600000|  0%| F|  |TAMS 0x0000000087500000| PB 0x0000000087500000| Untracked 
|  86|0x0000000087600000, 0x0000000087600000, 0x0000000087700000|  0%| F|  |TAMS 0x0000000087600000| PB 0x0000000087600000| Untracked 
|  87|0x0000000087700000, 0x0000000087700000, 0x0000000087800000|  0%| F|  |TAMS 0x0000000087700000| PB 0x0000000087700000| Untracked 
|  88|0x0000000087800000, 0x0000000087800000, 0x0000000087900000|  0%| F|  |TAMS 0x0000000087800000| PB 0x0000000087800000| Untracked 
|  89|0x0000000087900000, 0x0000000087900000, 0x0000000087a00000|  0%| F|  |TAMS 0x0000000087900000| PB 0x0000000087900000| Untracked 
|  90|0x0000000087a00000, 0x0000000087a00000, 0x0000000087b00000|  0%| F|  |TAMS 0x0000000087a00000| PB 0x0000000087a00000| Untracked 
|  91|0x0000000087b00000, 0x0000000087b00000, 0x0000000087c00000|  0%| F|  |TAMS 0x0000000087b00000| PB 0x0000000087b00000| Untracked 
|  92|0x0000000087c00000, 0x0000000087c00000, 0x0000000087d00000|  0%| F|  |TAMS 0x0000000087c00000| PB 0x0000000087c00000| Untracked 
|  93|0x0000000087d00000, 0x0000000087d00000, 0x0000000087e00000|  0%| F|  |TAMS 0x0000000087d00000| PB 0x0000000087d00000| Untracked 
|  94|0x0000000087e00000, 0x0000000087e00000, 0x0000000087f00000|  0%| F|  |TAMS 0x0000000087e00000| PB 0x0000000087e00000| Untracked 
|  95|0x0000000087f00000, 0x0000000087f00000, 0x0000000088000000|  0%| F|  |TAMS 0x0000000087f00000| PB 0x0000000087f00000| Untracked 
|  96|0x0000000088000000, 0x0000000088000000, 0x0000000088100000|  0%| F|  |TAMS 0x0000000088000000| PB 0x0000000088000000| Untracked 
|  97|0x0000000088100000, 0x0000000088100000, 0x0000000088200000|  0%| F|  |TAMS 0x0000000088100000| PB 0x0000000088100000| Untracked 
|  98|0x0000000088200000, 0x0000000088200000, 0x0000000088300000|  0%| F|  |TAMS 0x0000000088200000| PB 0x0000000088200000| Untracked 
|  99|0x0000000088300000, 0x0000000088300000, 0x0000000088400000|  0%| F|  |TAMS 0x0000000088300000| PB 0x0000000088300000| Untracked 
| 100|0x0000000088400000, 0x0000000088500000, 0x0000000088500000|100%| S|CS|TAMS 0x0000000088400000| PB 0x0000000088400000| Complete 
| 101|0x0000000088500000, 0x0000000088600000, 0x0000000088600000|100%| S|CS|TAMS 0x0000000088500000| PB 0x0000000088500000| Complete 
| 102|0x0000000088600000, 0x0000000088700000, 0x0000000088700000|100%| S|CS|TAMS 0x0000000088600000| PB 0x0000000088600000| Complete 
| 103|0x0000000088700000, 0x0000000088700000, 0x0000000088800000|  0%| F|  |TAMS 0x0000000088700000| PB 0x0000000088700000| Untracked 
| 104|0x0000000088800000, 0x0000000088800000, 0x0000000088900000|  0%| F|  |TAMS 0x0000000088800000| PB 0x0000000088800000| Untracked 
| 105|0x0000000088900000, 0x0000000088900000, 0x0000000088a00000|  0%| F|  |TAMS 0x0000000088900000| PB 0x0000000088900000| Untracked 
| 106|0x0000000088a00000, 0x0000000088a00000, 0x0000000088b00000|  0%| F|  |TAMS 0x0000000088a00000| PB 0x0000000088a00000| Untracked 
| 107|0x0000000088b00000, 0x0000000088b00000, 0x0000000088c00000|  0%| F|  |TAMS 0x0000000088b00000| PB 0x0000000088b00000| Untracked 
| 108|0x0000000088c00000, 0x0000000088c00000, 0x0000000088d00000|  0%| F|  |TAMS 0x0000000088c00000| PB 0x0000000088c00000| Untracked 
| 109|0x0000000088d00000, 0x0000000088d00000, 0x0000000088e00000|  0%| F|  |TAMS 0x0000000088d00000| PB 0x0000000088d00000| Untracked 
| 110|0x0000000088e00000, 0x0000000088e00000, 0x0000000088f00000|  0%| F|  |TAMS 0x0000000088e00000| PB 0x0000000088e00000| Untracked 
| 111|0x0000000088f00000, 0x0000000088f00000, 0x0000000089000000|  0%| F|  |TAMS 0x0000000088f00000| PB 0x0000000088f00000| Untracked 
| 112|0x0000000089000000, 0x0000000089065ea0, 0x0000000089100000| 39%| E|  |TAMS 0x0000000089000000| PB 0x0000000089000000| Complete 
| 113|0x0000000089100000, 0x0000000089200000, 0x0000000089200000|100%| E|CS|TAMS 0x0000000089100000| PB 0x0000000089100000| Complete 
| 114|0x0000000089200000, 0x0000000089300000, 0x0000000089300000|100%| E|CS|TAMS 0x0000000089200000| PB 0x0000000089200000| Complete 
| 115|0x0000000089300000, 0x0000000089400000, 0x0000000089400000|100%| E|CS|TAMS 0x0000000089300000| PB 0x0000000089300000| Complete 
| 116|0x0000000089400000, 0x0000000089500000, 0x0000000089500000|100%| E|CS|TAMS 0x0000000089400000| PB 0x0000000089400000| Complete 
| 117|0x0000000089500000, 0x0000000089600000, 0x0000000089600000|100%| E|CS|TAMS 0x0000000089500000| PB 0x0000000089500000| Complete 
| 118|0x0000000089600000, 0x0000000089700000, 0x0000000089700000|100%| E|CS|TAMS 0x0000000089600000| PB 0x0000000089600000| Complete 
| 119|0x0000000089700000, 0x0000000089800000, 0x0000000089800000|100%| E|CS|TAMS 0x0000000089700000| PB 0x0000000089700000| Complete 
| 120|0x0000000089800000, 0x0000000089900000, 0x0000000089900000|100%| E|CS|TAMS 0x0000000089800000| PB 0x0000000089800000| Complete 
| 121|0x0000000089900000, 0x0000000089a00000, 0x0000000089a00000|100%| E|CS|TAMS 0x0000000089900000| PB 0x0000000089900000| Complete 
| 122|0x0000000089a00000, 0x0000000089b00000, 0x0000000089b00000|100%| E|CS|TAMS 0x0000000089a00000| PB 0x0000000089a00000| Complete 
| 123|0x0000000089b00000, 0x0000000089c00000, 0x0000000089c00000|100%| E|CS|TAMS 0x0000000089b00000| PB 0x0000000089b00000| Complete 
| 124|0x0000000089c00000, 0x0000000089d00000, 0x0000000089d00000|100%| E|CS|TAMS 0x0000000089c00000| PB 0x0000000089c00000| Complete 
| 125|0x0000000089d00000, 0x0000000089e00000, 0x0000000089e00000|100%| E|CS|TAMS 0x0000000089d00000| PB 0x0000000089d00000| Complete 

Card table byte_map: [0x000002aa30f70000,0x000002aa31360000] _byte_map_base: 0x000002aa30b60000

Marking Bits: (CMBitMap*) 0x000002aa19248a80
 Bits: [0x000002aa31360000, 0x000002aa332e0000)

Polling page: 0x000002aa171d0000

Metaspace:

Usage:
  Non-class:     11.36 MB used.
      Class:      1.36 MB used.
       Both:     12.71 MB used.

Virtual space:
  Non-class space:       64.00 MB reserved,      11.50 MB ( 18%) committed,  1 nodes.
      Class space:        1.00 GB reserved,       1.50 MB ( <1%) committed,  1 nodes.
             Both:        1.06 GB reserved,      13.00 MB (  1%) committed. 

Chunk freelists:
   Non-Class:  3.79 MB
       Class:  14.48 MB
        Both:  18.27 MB

MaxMetaspaceSize: unlimited
CompressedClassSpaceSize: 1.00 GB
Initial GC threshold: 21.00 MB
Current GC threshold: 21.00 MB
CDS: on
 - commit_granule_bytes: 65536.
 - commit_granule_words: 8192.
 - virtual_space_node_default_size: 8388608.
 - enlarge_chunks_in_place: 1.
 - use_allocation_guard: 0.


Internal statistics:

num_allocs_failed_limit: 0.
num_arena_births: 256.
num_arena_deaths: 0.
num_vsnodes_births: 2.
num_vsnodes_deaths: 0.
num_space_committed: 206.
num_space_uncommitted: 0.
num_chunks_returned_to_freelist: 0.
num_chunks_taken_from_freelist: 558.
num_chunk_merges: 0.
num_chunk_splits: 354.
num_chunks_enlarged: 236.
num_inconsistent_stats: 0.

CodeHeap 'non-profiled nmethods': size=120000Kb used=729Kb max_used=729Kb free=119270Kb
 bounds [0x000002aa29100000, 0x000002aa29370000, 0x000002aa30630000]
CodeHeap 'profiled nmethods': size=120000Kb used=3580Kb max_used=3580Kb free=116420Kb
 bounds [0x000002aa21630000, 0x000002aa219b0000, 0x000002aa28b60000]
CodeHeap 'non-nmethods': size=5760Kb used=2155Kb max_used=2178Kb free=3605Kb
 bounds [0x000002aa28b60000, 0x000002aa28dd0000, 0x000002aa29100000]
 total_blobs=3073 nmethods=1960 adapters=1017
 compilation: enabled
              stopped_count=0, restarted_count=0
 full_count=0

Compilation events (20 events):
Event: 1.404 Thread 0x000002aa35f56620 1950       3       jdk.internal.misc.VM::isModuleSystemInited (13 bytes)
Event: 1.404 Thread 0x000002aa35f56620 nmethod 1950 0x000002aa219a7e10 code [0x000002aa219a7fa0, 0x000002aa219a80f8]
Event: 1.407 Thread 0x000002aa35f56620 1951       3       sun.nio.ch.IOUtil::acquireScope (36 bytes)
Event: 1.407 Thread 0x000002aa35f56620 nmethod 1951 0x000002aa219a8190 code [0x000002aa219a83e0, 0x000002aa219a8d90]
Event: 1.407 Thread 0x000002aa35f56620 1952       3       sun.nio.ch.Util::offerFirstTemporaryDirectBuffer (53 bytes)
Event: 1.407 Thread 0x000002aa35f56620 nmethod 1952 0x000002aa219a9090 code [0x000002aa219a9300, 0x000002aa219a9e30]
Event: 1.407 Thread 0x000002aa35f56620 1953   !   3       java.nio.ByteBuffer::putBuffer (142 bytes)
Event: 1.408 Thread 0x000002aa35f56620 nmethod 1953 0x000002aa219aa190 code [0x000002aa219aa460, 0x000002aa219ab340]
Event: 1.408 Thread 0x000002aa35f56620 1954       3       sun.security.provider.DigestBase::engineUpdate (176 bytes)
Event: 1.408 Thread 0x000002aa35f56620 nmethod 1954 0x000002aa219abb90 code [0x000002aa219abe00, 0x000002aa219aca88]
Event: 1.408 Thread 0x000002aa35f56620 1955       3       java.security.MessageDigest::update (45 bytes)
Event: 1.409 Thread 0x000002aa35f56620 nmethod 1955 0x000002aa219ace10 code [0x000002aa219ad000, 0x000002aa219ad4d8]
Event: 1.409 Thread 0x000002aa35f56620 1956       3       java.util.stream.SliceOps$1$1::accept (52 bytes)
Event: 1.409 Thread 0x000002aa35f56620 nmethod 1956 0x000002aa219ad690 code [0x000002aa219ad840, 0x000002aa219adb08]
Event: 1.409 Thread 0x000002aa35f56620 1957       3       java.util.stream.WhileOps$1Op$1OpSink::accept (85 bytes)
Event: 1.410 Thread 0x000002aa35f56620 nmethod 1957 0x000002aa219adc10 code [0x000002aa219adde0, 0x000002aa219ae2b0]
Event: 1.410 Thread 0x000002aa35f56620 1959       3       java.lang.invoke.MethodHandles$Lookup::makeHiddenClassDefiner (20 bytes)
Event: 1.410 Thread 0x000002aa35f56620 nmethod 1959 0x000002aa219ae410 code [0x000002aa219ae5e0, 0x000002aa219ae8f8]
Event: 1.410 Thread 0x000002aa35f56620 1960       3       java.lang.invoke.MethodHandles$Lookup$ClassFile::newInstanceNoCheck (11 bytes)
Event: 1.410 Thread 0x000002aa35f56620 nmethod 1960 0x000002aa219aea90 code [0x000002aa219aec40, 0x000002aa219aef00]

GC Heap History (2 events):
Event: 0.714 GC heap before
{Heap before GC invocations=0 (full 0):
 garbage-first heap   total 129024K, used 23552K [0x0000000082000000, 0x0000000100000000)
  region size 1024K, 23 young (23552K), 0 survivors (0K)
 Metaspace       used 8245K, committed 8512K, reserved 1114112K
  class space    used 947K, committed 1024K, reserved 1048576K
}
Event: 0.720 GC heap after
{Heap after GC invocations=1 (full 0):
 garbage-first heap   total 129024K, used 3791K [0x0000000082000000, 0x0000000100000000)
  region size 1024K, 3 young (3072K), 3 survivors (3072K)
 Metaspace       used 8245K, committed 8512K, reserved 1114112K
  class space    used 947K, committed 1024K, reserved 1048576K
}

Dll operation events (12 events):
Event: 0.010 Loaded shared library D:\ProgramsFiles\Java\openjdk-21\bin\java.dll
Event: 0.050 Loaded shared library D:\ProgramsFiles\Java\openjdk-21\bin\jsvml.dll
Event: 0.101 Loaded shared library D:\ProgramsFiles\Java\openjdk-21\bin\net.dll
Event: 0.103 Loaded shared library D:\ProgramsFiles\Java\openjdk-21\bin\nio.dll
Event: 0.106 Loaded shared library D:\ProgramsFiles\Java\openjdk-21\bin\zip.dll
Event: 0.165 Loaded shared library D:\ProgramsFiles\Java\openjdk-21\bin\jimage.dll
Event: 0.180 Loaded shared library D:\ProgramsFiles\Java\openjdk-21\bin\verify.dll
Event: 0.471 Loaded shared library D:\ProgramsFiles\Java\openjdk-21\bin\management.dll
Event: 0.473 Loaded shared library D:\ProgramsFiles\Java\openjdk-21\bin\management_ext.dll
Event: 0.900 Loaded shared library C:\Users\marq5\AppData\Local\Temp\lwjgl_marq5\3.3.3+5\x64\lwjgl.dll
Event: 1.148 Loaded shared library C:\Users\marq5\AppData\Local\Temp\lwjgl_marq5\3.3.3+5\x64\lwjgl_opengl.dll
Event: 1.405 Loaded shared library C:\Users\marq5\AppData\Local\Temp\lwjgl_marq5\3.3.3+5\x64\lwjgl_stb.dll

Deoptimization events (20 events):
Event: 1.115 Thread 0x000002aa16f36e20 DEOPT PACKING pc=0x000002aa21930eca sp=0x000000f4619fa6f0
Event: 1.115 Thread 0x000002aa16f36e20 DEOPT UNPACKING pc=0x000002aa28bb4e42 sp=0x000000f4619f9b88 mode 0
Event: 1.144 Thread 0x000002aa16f36e20 Uncommon trap: trap_request=0xffffff45 fr.pc=0x000002aa291442d8 relative=0x0000000000000098
Event: 1.144 Thread 0x000002aa16f36e20 Uncommon trap: reason=unstable_if action=reinterpret pc=0x000002aa291442d8 method=sun.net.www.ParseUtil.firstEncodeIndex(Ljava/lang/String;)I @ 51 c2
Event: 1.144 Thread 0x000002aa16f36e20 DEOPT PACKING pc=0x000002aa291442d8 sp=0x000000f4619fe1d0
Event: 1.144 Thread 0x000002aa16f36e20 DEOPT UNPACKING pc=0x000002aa28bb46a2 sp=0x000000f4619fe158 mode 2
Event: 1.268 Thread 0x000002aa16f36e20 Uncommon trap: trap_request=0xffffff54 fr.pc=0x000002aa291a9414 relative=0x0000000000000074
Event: 1.268 Thread 0x000002aa16f36e20 Uncommon trap: reason=speculate_null_assert action=make_not_entrant pc=0x000002aa291a9414 method=sun.misc.Unsafe.putLong(Ljava/lang/Object;JJ)V @ 7 c2
Event: 1.268 Thread 0x000002aa16f36e20 DEOPT PACKING pc=0x000002aa291a9414 sp=0x000000f4619fed30
Event: 1.268 Thread 0x000002aa16f36e20 DEOPT UNPACKING pc=0x000002aa28bb46a2 sp=0x000000f4619feca8 mode 2
Event: 1.398 Thread 0x000002aa16f36e20 Uncommon trap: trap_request=0xffffffde fr.pc=0x000002aa2915fa4c relative=0x00000000000002ec
Event: 1.399 Thread 0x000002aa16f36e20 Uncommon trap: reason=class_check action=maybe_recompile pc=0x000002aa2915fa4c method=java.util.HashMap.getNode(Ljava/lang/Object;)Ljava/util/HashMap$Node; @ 128 c2
Event: 1.399 Thread 0x000002aa16f36e20 DEOPT PACKING pc=0x000002aa2915fa4c sp=0x000000f4619fd200
Event: 1.399 Thread 0x000002aa16f36e20 DEOPT UNPACKING pc=0x000002aa28bb46a2 sp=0x000000f4619fd168 mode 2
Event: 1.406 Thread 0x000002aa16f36e20 DEOPT PACKING pc=0x000002aa21904e97 sp=0x000000f4619fd2a0
Event: 1.406 Thread 0x000002aa16f36e20 DEOPT UNPACKING pc=0x000002aa28bb4e42 sp=0x000000f4619fc778 mode 0
Event: 1.409 Thread 0x000002aa16f36e20 Uncommon trap: trap_request=0xffffff5c fr.pc=0x000002aa291a9a0c relative=0x000000000000006c
Event: 1.409 Thread 0x000002aa16f36e20 Uncommon trap: reason=speculate_null_check action=make_not_entrant pc=0x000002aa291a9a0c method=sun.misc.Unsafe.putInt(Ljava/lang/Object;JI)V @ 7 c2
Event: 1.409 Thread 0x000002aa16f36e20 DEOPT PACKING pc=0x000002aa291a9a0c sp=0x000000f4619ff210
Event: 1.409 Thread 0x000002aa16f36e20 DEOPT UNPACKING pc=0x000002aa28bb46a2 sp=0x000000f4619ff190 mode 2

Classes loaded (20 events):
Event: 0.952 Loading class java/lang/IndexOutOfBoundsException
Event: 0.952 Loading class java/lang/IndexOutOfBoundsException done
Event: 1.124 Loading class java/util/stream/SliceOps
Event: 1.124 Loading class java/util/stream/SliceOps done
Event: 1.124 Loading class java/util/stream/SliceOps$1
Event: 1.125 Loading class java/util/stream/SliceOps$1 done
Event: 1.126 Loading class java/util/stream/SliceOps$1$1
Event: 1.126 Loading class java/util/stream/SliceOps$1$1 done
Event: 1.130 Loading class java/lang/Thread$ThreadNumbering
Event: 1.130 Loading class java/lang/Thread$ThreadNumbering done
Event: 1.153 Loading class sun/nio/cs/UTF_16LE$Decoder
Event: 1.153 Loading class sun/nio/cs/UnicodeDecoder
Event: 1.154 Loading class sun/nio/cs/UnicodeDecoder done
Event: 1.154 Loading class sun/nio/cs/UTF_16LE$Decoder done
Event: 1.394 Loading class java/nio/channels/Channels$ReadableByteChannelImpl
Event: 1.394 Loading class java/nio/channels/Channels$ReadableByteChannelImpl done
Event: 1.394 Loading class java/nio/channels/spi/AbstractInterruptibleChannel$1
Event: 1.394 Loading class sun/nio/ch/Interruptible
Event: 1.394 Loading class sun/nio/ch/Interruptible done
Event: 1.394 Loading class java/nio/channels/spi/AbstractInterruptibleChannel$1 done

Classes unloaded (0 events):
No events

Classes redefined (0 events):
No events

Internal exceptions (20 events):
Event: 0.940 Thread 0x000002aa16f36e20 Exception <a 'sun/nio/fs/WindowsException'{0x00000000895b2920}> (0x00000000895b2920) 
thrown [s\open\src\hotspot\share\prims\jni.cpp, line 520]
Event: 0.947 Thread 0x000002aa16f36e20 Exception <a 'java/lang/NoSuchMethodError'{0x00000000895fdb70}: 'int java.lang.invoke.DirectMethodHandle$Holder.invokeStaticInit(java.lang.Object, java.lang.Object, int, long)'> (0x00000000895fdb70) 
thrown [s\open\src\hotspot\share\interpreter\linkResolver.cpp, line 773]
Event: 0.947 Thread 0x000002aa16f36e20 Exception <a 'java/lang/NoSuchMethodError'{0x0000000089402f90}: 'java.lang.Object java.lang.invoke.DirectMethodHandle$Holder.newInvokeSpecial(java.lang.Object, java.lang.Object, int)'> (0x0000000089402f90) 
thrown [s\open\src\hotspot\share\interpreter\linkResolver.cpp, line 773]
Event: 0.948 Thread 0x000002aa16f36e20 Exception <a 'java/lang/NoSuchMethodError'{0x0000000089411700}: 'int java.lang.invoke.DirectMethodHandle$Holder.invokeStaticInit(java.lang.Object, java.lang.Object, long, long)'> (0x0000000089411700) 
thrown [s\open\src\hotspot\share\interpreter\linkResolver.cpp, line 773]
Event: 0.949 Thread 0x000002aa16f36e20 Exception <a 'java/lang/NoSuchMethodError'{0x00000000894169f0}: 'java.lang.Object java.lang.invoke.DirectMethodHandle$Holder.newInvokeSpecial(java.lang.Object, java.lang.Object, long)'> (0x00000000894169f0) 
thrown [s\open\src\hotspot\share\interpreter\linkResolver.cpp, line 773]
Event: 0.949 Thread 0x000002aa16f36e20 Exception <a 'java/lang/NoSuchMethodError'{0x000000008941a2e8}: 'java.lang.Object java.lang.invoke.Invokers$Holder.linkToTargetMethod(java.lang.Object, long, java.lang.Object)'> (0x000000008941a2e8) 
thrown [s\open\src\hotspot\share\interpreter\linkResolver.cpp, line 773]
Event: 0.949 Thread 0x000002aa16f36e20 Exception <a 'java/lang/NoSuchMethodError'{0x00000000894210c0}: 'int java.lang.invoke.DirectMethodHandle$Holder.invokeStaticInit(java.lang.Object, java.lang.Object, java.lang.Object, long)'> (0x00000000894210c0) 
thrown [s\open\src\hotspot\share\interpreter\linkResolver.cpp, line 773]
Event: 1.106 Thread 0x000002aa16f36e20 Exception <a 'sun/nio/fs/WindowsException'{0x00000000894f9440}> (0x00000000894f9440) 
thrown [s\open\src\hotspot\share\prims\jni.cpp, line 520]
Event: 1.106 Thread 0x000002aa16f36e20 Exception <a 'sun/nio/fs/WindowsException'{0x00000000894f97d0}> (0x00000000894f97d0) 
thrown [s\open\src\hotspot\share\prims\jni.cpp, line 520]
Event: 1.143 Thread 0x000002aa16f36e20 Exception <a 'java/lang/NoSuchMethodError'{0x000000008939cf60}: 'void java.lang.System.load(java.lang.String, java.lang.Class)'> (0x000000008939cf60) 
thrown [s\open\src\hotspot\share\interpreter\linkResolver.cpp, line 773]
Event: 1.144 Thread 0x000002aa16f36e20 Exception <a 'java/lang/NoSuchMethodError'{0x000000008939f900}: 'void java.lang.System.loadLibrary(java.lang.String, java.lang.Class)'> (0x000000008939f900) 
thrown [s\open\src\hotspot\share\interpreter\linkResolver.cpp, line 773]
Event: 1.147 Thread 0x000002aa16f36e20 Exception <a 'sun/nio/fs/WindowsException'{0x00000000893aed10}> (0x00000000893aed10) 
thrown [s\open\src\hotspot\share\prims\jni.cpp, line 520]
Event: 1.147 Thread 0x000002aa16f36e20 Exception <a 'sun/nio/fs/WindowsException'{0x00000000893af0b0}> (0x00000000893af0b0) 
thrown [s\open\src\hotspot\share\prims\jni.cpp, line 520]
Event: 1.152 Thread 0x000002aa16f36e20 Exception <a 'sun/nio/fs/WindowsException'{0x00000000893b8948}> (0x00000000893b8948) 
thrown [s\open\src\hotspot\share\prims\jni.cpp, line 520]
Event: 1.152 Thread 0x000002aa16f36e20 Exception <a 'sun/nio/fs/WindowsException'{0x00000000893b8c18}> (0x00000000893b8c18) 
thrown [s\open\src\hotspot\share\prims\jni.cpp, line 520]
Event: 1.397 Thread 0x000002aa16f36e20 Exception <a 'java/lang/NoSuchMethodError'{0x00000000891f6f98}: 'void java.lang.System.load(java.lang.String, java.lang.Class)'> (0x00000000891f6f98) 
thrown [s\open\src\hotspot\share\interpreter\linkResolver.cpp, line 773]
Event: 1.398 Thread 0x000002aa16f36e20 Exception <a 'java/lang/NoSuchMethodError'{0x00000000891f9938}: 'void java.lang.System.loadLibrary(java.lang.String, java.lang.Class)'> (0x00000000891f9938) 
thrown [s\open\src\hotspot\share\interpreter\linkResolver.cpp, line 773]
Event: 1.404 Thread 0x000002aa16f36e20 Exception <a 'sun/nio/fs/WindowsException'{0x0000000089009f20}> (0x0000000089009f20) 
thrown [s\open\src\hotspot\share\prims\jni.cpp, line 520]
Event: 1.404 Thread 0x000002aa16f36e20 Exception <a 'sun/nio/fs/WindowsException'{0x000000008900a2a0}> (0x000000008900a2a0) 
thrown [s\open\src\hotspot\share\prims\jni.cpp, line 520]
Event: 1.410 Thread 0x000002aa16f36e20 Exception <a 'java/lang/NoSuchMethodError'{0x00000000890196e0}: 'void java.lang.invoke.DirectMethodHandle$Holder.invokeStatic(java.lang.Object, long)'> (0x00000000890196e0) 
thrown [s\open\src\hotspot\share\interpreter\linkResolver.cpp, line 773]

ZGC Phase Switch (0 events):
No events

VM Operations (18 events):
Event: 0.109 Executing VM operation: HandshakeAllThreads (Deoptimize)
Event: 0.109 Executing VM operation: HandshakeAllThreads (Deoptimize) done
Event: 0.240 Executing VM operation: HandshakeAllThreads (Deoptimize)
Event: 0.240 Executing VM operation: HandshakeAllThreads (Deoptimize) done
Event: 0.247 Executing VM operation: HandshakeAllThreads (Deoptimize)
Event: 0.247 Executing VM operation: HandshakeAllThreads (Deoptimize) done
Event: 0.325 Executing VM operation: HandshakeAllThreads (Deoptimize)
Event: 0.325 Executing VM operation: HandshakeAllThreads (Deoptimize) done
Event: 0.464 Executing VM operation: HandshakeAllThreads (Deoptimize)
Event: 0.464 Executing VM operation: HandshakeAllThreads (Deoptimize) done
Event: 0.631 Executing VM operation: ICBufferFull
Event: 0.631 Executing VM operation: ICBufferFull done
Event: 0.648 Executing VM operation: HandshakeAllThreads (Deoptimize)
Event: 0.648 Executing VM operation: HandshakeAllThreads (Deoptimize) done
Event: 0.714 Executing VM operation: G1CollectForAllocation (G1 Evacuation Pause)
Event: 0.720 Executing VM operation: G1CollectForAllocation (G1 Evacuation Pause) done
Event: 0.902 Executing VM operation: HandshakeAllThreads (Deoptimize)
Event: 0.902 Executing VM operation: HandshakeAllThreads (Deoptimize) done

Events (16 events):
Event: 0.031 Thread 0x000002aa16f36e20 Thread added: 0x000002aa16f36e20
Event: 0.046 Thread 0x000002aa35f3cc50 Thread added: 0x000002aa35f3cc50
Event: 0.046 Thread 0x000002aa35f3db70 Thread added: 0x000002aa35f3db70
Event: 0.047 Thread 0x000002aa35f3fa70 Thread added: 0x000002aa35f3fa70
Event: 0.047 Thread 0x000002aa35f41940 Thread added: 0x000002aa35f41940
Event: 0.047 Thread 0x000002aa35f45850 Thread added: 0x000002aa35f45850
Event: 0.047 Thread 0x000002aa35f48620 Thread added: 0x000002aa35f48620
Event: 0.047 Thread 0x000002aa35f49610 Thread added: 0x000002aa35f49610
Event: 0.047 Thread 0x000002aa35f56620 Thread added: 0x000002aa35f56620
Event: 0.091 Thread 0x000002aa7b20dbc0 Thread added: 0x000002aa7b20dbc0
Event: 0.095 Thread 0x000002aa7b216380 Thread added: 0x000002aa7b216380
Event: 0.150 Thread 0x000002aa35f573c0 Thread added: 0x000002aa35f573c0
Event: 0.928 Thread 0x000002aa35f58160 Thread added: 0x000002aa35f58160
Event: 1.096 Thread 0x000002aa35f58160 Thread exited: 0x000002aa35f58160
Event: 1.097 Thread 0x000002aa35f573c0 Thread exited: 0x000002aa35f573c0
Event: 1.279 Thread 0x000002aa35f58f00 Thread added: 0x000002aa35f58f00


Dynamic libraries:
0x00007ff6be5a0000 - 0x00007ff6be5ae000 	D:\ProgramsFiles\Java\openjdk-21\bin\java.exe
0x00007fffee710000 - 0x00007fffee927000 	C:\WINDOWS\SYSTEM32\ntdll.dll
0x00007fffede60000 - 0x00007fffedf24000 	C:\WINDOWS\System32\KERNEL32.DLL
0x00007fffeba50000 - 0x00007fffebdf6000 	C:\WINDOWS\System32\KERNELBASE.dll
0x00007fffec1f0000 - 0x00007fffec301000 	C:\WINDOWS\System32\ucrtbase.dll
0x00007fffca590000 - 0x00007fffca5a8000 	D:\ProgramsFiles\Java\openjdk-21\bin\jli.dll
0x00007fffe1890000 - 0x00007fffe18ab000 	D:\ProgramsFiles\Java\openjdk-21\bin\VCRUNTIME140.dll
0x00007fffed3c0000 - 0x00007fffed56e000 	C:\WINDOWS\System32\USER32.dll
0x00007fffec3c0000 - 0x00007fffec3e6000 	C:\WINDOWS\System32\win32u.dll
0x00007fffeddd0000 - 0x00007fffeddf9000 	C:\WINDOWS\System32\GDI32.dll
0x00007fffebea0000 - 0x00007fffebfb8000 	C:\WINDOWS\System32\gdi32full.dll
0x00007fffc4780000 - 0x00007fffc4a13000 	C:\WINDOWS\WinSxS\amd64_microsoft.windows.common-controls_6595b64144ccf1df_6.0.22621.2506_none_270c5ae97388e100\COMCTL32.dll
0x00007fffebe00000 - 0x00007fffebe9a000 	C:\WINDOWS\System32\msvcp_win.dll
0x00007fffee5a0000 - 0x00007fffee647000 	C:\WINDOWS\System32\msvcrt.dll
0x00007fffec600000 - 0x00007fffec631000 	C:\WINDOWS\System32\IMM32.DLL
0x00007fffe2640000 - 0x00007fffe264c000 	D:\ProgramsFiles\Java\openjdk-21\bin\vcruntime140_1.dll
0x00007fffc1670000 - 0x00007fffc16fe000 	D:\ProgramsFiles\Java\openjdk-21\bin\msvcp140.dll
0x00007fff6b6c0000 - 0x00007fff6c3d3000 	D:\ProgramsFiles\Java\openjdk-21\bin\server\jvm.dll
0x00007fffec760000 - 0x00007fffec813000 	C:\WINDOWS\System32\ADVAPI32.dll
0x00007fffee4f0000 - 0x00007fffee598000 	C:\WINDOWS\System32\sechost.dll
0x00007fffec390000 - 0x00007fffec3b8000 	C:\WINDOWS\System32\bcrypt.dll
0x00007fffec640000 - 0x00007fffec757000 	C:\WINDOWS\System32\RPCRT4.dll
0x00007fffee650000 - 0x00007fffee6c1000 	C:\WINDOWS\System32\WS2_32.dll
0x00007fffeb770000 - 0x00007fffeb7bd000 	C:\WINDOWS\SYSTEM32\POWRPROF.dll
0x00007fffe3560000 - 0x00007fffe356a000 	C:\WINDOWS\SYSTEM32\VERSION.dll
0x00007fffe4580000 - 0x00007fffe45b4000 	C:\WINDOWS\SYSTEM32\WINMM.dll
0x00007fffeb6a0000 - 0x00007fffeb6b3000 	C:\WINDOWS\SYSTEM32\UMPDC.dll
0x00007fffeaa50000 - 0x00007fffeaa68000 	C:\WINDOWS\SYSTEM32\kernel.appcore.dll
0x00007fffe1880000 - 0x00007fffe188a000 	D:\ProgramsFiles\Java\openjdk-21\bin\jimage.dll
0x00007fffe9260000 - 0x00007fffe9493000 	C:\WINDOWS\SYSTEM32\DBGHELP.DLL
0x00007fffecca0000 - 0x00007fffed029000 	C:\WINDOWS\System32\combase.dll
0x00007fffed030000 - 0x00007fffed107000 	C:\WINDOWS\System32\OLEAUT32.dll
0x00007fffe2320000 - 0x00007fffe2352000 	C:\WINDOWS\SYSTEM32\dbgcore.DLL
0x00007fffec310000 - 0x00007fffec38a000 	C:\WINDOWS\System32\bcryptPrimitives.dll
0x00007fffca530000 - 0x00007fffca54f000 	D:\ProgramsFiles\Java\openjdk-21\bin\java.dll
0x00007fffed570000 - 0x00007fffeddcb000 	C:\WINDOWS\System32\SHELL32.dll
0x00007fffe9930000 - 0x00007fffea226000 	C:\WINDOWS\SYSTEM32\windows.storage.dll
0x00007fffe97f0000 - 0x00007fffe992e000 	C:\WINDOWS\SYSTEM32\wintypes.dll
0x00007fffec460000 - 0x00007fffec553000 	C:\WINDOWS\System32\SHCORE.dll
0x00007fffedf30000 - 0x00007fffedf8e000 	C:\WINDOWS\System32\shlwapi.dll
0x00007fffeb980000 - 0x00007fffeb9a6000 	C:\WINDOWS\SYSTEM32\profapi.dll
0x00007fffc0b60000 - 0x00007fffc0c37000 	D:\ProgramsFiles\Java\openjdk-21\bin\jsvml.dll
0x00007fffca520000 - 0x00007fffca530000 	D:\ProgramsFiles\Java\openjdk-21\bin\net.dll
0x00007fffe51e0000 - 0x00007fffe5317000 	C:\WINDOWS\SYSTEM32\WINHTTP.dll
0x00007fffeaec0000 - 0x00007fffeaf29000 	C:\WINDOWS\system32\mswsock.dll
0x00007fffca3e0000 - 0x00007fffca3f6000 	D:\ProgramsFiles\Java\openjdk-21\bin\nio.dll
0x00007fffc45e0000 - 0x00007fffc45f8000 	D:\ProgramsFiles\Java\openjdk-21\bin\zip.dll
0x00007fffca470000 - 0x00007fffca480000 	D:\ProgramsFiles\Java\openjdk-21\bin\verify.dll
0x00007fffca3d0000 - 0x00007fffca3da000 	D:\ProgramsFiles\Java\openjdk-21\bin\management.dll
0x00007fffc4e30000 - 0x00007fffc4e3b000 	D:\ProgramsFiles\Java\openjdk-21\bin\management_ext.dll
0x00007fffee290000 - 0x00007fffee298000 	C:\WINDOWS\System32\PSAPI.DLL
0x00007fffaa820000 - 0x00007fffaa837000 	C:\WINDOWS\system32\napinsp.dll
0x00007fffaa800000 - 0x00007fffaa81b000 	C:\WINDOWS\system32\pnrpnsp.dll
0x00007fffea500000 - 0x00007fffea5f9000 	C:\WINDOWS\SYSTEM32\DNSAPI.dll
0x00007fffea490000 - 0x00007fffea4bd000 	C:\WINDOWS\SYSTEM32\IPHLPAPI.DLL
0x00007fffec5f0000 - 0x00007fffec5f9000 	C:\WINDOWS\System32\NSI.dll
0x00007fffa9600000 - 0x00007fffa9611000 	C:\WINDOWS\System32\winrnr.dll
0x00007fffe38f0000 - 0x00007fffe3905000 	C:\WINDOWS\system32\wshbth.dll
0x00007fffaa980000 - 0x00007fffaa9a1000 	C:\WINDOWS\system32\nlansp_c.dll
0x000000005c480000 - 0x000000005c4a6000 	C:\Program Files\Bonjour\mdnsNSP.dll
0x00007fffe3d00000 - 0x00007fffe3d0a000 	C:\Windows\System32\rasadhlp.dll
0x00007fffe3810000 - 0x00007fffe3893000 	C:\WINDOWS\System32\fwpuclnt.dll
0x00007fffc15f0000 - 0x00007fffc166b000 	C:\Users\marq5\AppData\Local\Temp\lwjgl_marq5\3.3.3+5\x64\lwjgl.dll
0x00007fffc1260000 - 0x00007fffc12e2000 	C:\Users\marq5\AppData\Local\Temp\lwjgl_marq5\3.3.3+5\x64\glfw.dll
0x00007fffc05d0000 - 0x00007fffc0616000 	C:\WINDOWS\SYSTEM32\dinput8.dll
0x00007fffa3f20000 - 0x00007fffa3f31000 	C:\WINDOWS\SYSTEM32\xinput1_4.dll
0x00007fffeb6f0000 - 0x00007fffeb73e000 	C:\WINDOWS\SYSTEM32\cfgmgr32.dll
0x00007fffeb6c0000 - 0x00007fffeb6ec000 	C:\WINDOWS\SYSTEM32\DEVOBJ.dll
0x00007fffe8ef0000 - 0x00007fffe8f1b000 	C:\WINDOWS\SYSTEM32\dwmapi.dll
0x00007fffcae40000 - 0x00007fffcb04a000 	C:\WINDOWS\SYSTEM32\inputhost.dll
0x00007fffe8500000 - 0x00007fffe8634000 	C:\WINDOWS\SYSTEM32\CoreMessaging.dll
0x00007fffe8ab0000 - 0x00007fffe8b5b000 	C:\WINDOWS\system32\uxtheme.dll
0x00007fffedff0000 - 0x00007fffee141000 	C:\WINDOWS\System32\MSCTF.dll
0x00007fffeb0d0000 - 0x00007fffeb0dc000 	C:\WINDOWS\SYSTEM32\CRYPTBASE.DLL
0x00007fffaa2b0000 - 0x00007fffaa3b0000 	C:\WINDOWS\SYSTEM32\opengl32.dll
0x00007fffaab00000 - 0x00007fffaab2d000 	C:\WINDOWS\SYSTEM32\GLU32.dll
0x00007fffe8bc0000 - 0x00007fffe8bf9000 	C:\WINDOWS\SYSTEM32\dxcore.dll
0x00007fffe4810000 - 0x00007fffe485a000 	C:\WINDOWS\SYSTEM32\directxdatabasehelper.dll
0x00007fffee1e0000 - 0x00007fffee290000 	C:\WINDOWS\System32\clbcatq.dll
0x00007fff6a6a0000 - 0x00007fff6b6b1000 	C:\WINDOWS\System32\DriverStore\FileRepository\78_lenovo_coffeelake_hws_iigd_dch.inf_amd64_84871b3b9ed78d4a\ig9icd64.dll
0x00007fffed110000 - 0x00007fffed2b0000 	C:\WINDOWS\System32\ole32.dll
0x00007fffe8c10000 - 0x00007fffe8d08000 	C:\WINDOWS\system32\dxgi.dll
0x00007fff72880000 - 0x00007fff72cee000 	C:\WINDOWS\System32\DriverStore\FileRepository\78_lenovo_coffeelake_hws_iigd_dch.inf_amd64_84871b3b9ed78d4a\igdml64.dll
0x00007fffdd750000 - 0x00007fffddb12000 	C:\WINDOWS\System32\DriverStore\FileRepository\78_lenovo_coffeelake_hws_iigd_dch.inf_amd64_84871b3b9ed78d4a\igdgmm64.dll
0x00007fffd9a10000 - 0x00007fffdcc2c000 	C:\WINDOWS\System32\DriverStore\FileRepository\78_lenovo_coffeelake_hws_iigd_dch.inf_amd64_84871b3b9ed78d4a\igc64.dll
0x00007fffcc0c0000 - 0x00007fffcc20a000 	C:\WINDOWS\SYSTEM32\textinputframework.dll
0x00007fffe3990000 - 0x00007fffe3cfc000 	C:\WINDOWS\SYSTEM32\CoreUIComponents.dll
0x00007fff72610000 - 0x00007fff72880000 	C:\Users\marq5\AppData\Local\Temp\lwjgl_marq5\3.3.3+5\x64\jemalloc.dll
0x00007fffbffd0000 - 0x00007fffc002e000 	C:\Users\marq5\AppData\Local\Temp\lwjgl_marq5\3.3.3+5\x64\lwjgl_opengl.dll
0x00007fffbfd70000 - 0x00007fffbfdf2000 	C:\Users\marq5\AppData\Local\Temp\lwjgl_marq5\3.3.3+5\x64\lwjgl_stb.dll
0x00007fffe4ea0000 - 0x00007fffe4f5c000 	C:\WINDOWS\SYSTEM32\mscms.dll
0x00007fffbb530000 - 0x00007fffbb579000 	C:\WINDOWS\SYSTEM32\icm32.dll

dbghelp: loaded successfully - version: 4.0.5 - missing functions: none
symbol engine: initialized successfully - sym options: 0x614 - pdb path: .;D:\ProgramsFiles\Java\openjdk-21\bin;C:\WINDOWS\SYSTEM32;C:\WINDOWS\WinSxS\amd64_microsoft.windows.common-controls_6595b64144ccf1df_6.0.22621.2506_none_270c5ae97388e100;D:\ProgramsFiles\Java\openjdk-21\bin\server;C:\Program Files\Bonjour;C:\Users\marq5\AppData\Local\Temp\lwjgl_marq5\3.3.3+5\x64;C:\WINDOWS\System32\DriverStore\FileRepository\78_lenovo_coffeelake_hws_iigd_dch.inf_amd64_84871b3b9ed78d4a

VM Arguments:
jvm_args: -Dfile.encoding=windows-1252 -Duser.country=US -Duser.language=en -Duser.variant 
java_command: me.kalmemarq.client.Main --saveDir ./run
java_class_path (initial): D:\Public\Documents\CodeProjects\nothing\build\classes\java\main;D:\Public\Documents\CodeProjects\nothing\build\resources\main;C:\Users\marq5\.gradle\caches\modules-2\files-2.1\io.github.spair\imgui-java-lwjgl3\1.86.11\7f6657336844bd5a5321ca4987ff1e5476df5aeb\imgui-java-lwjgl3-1.86.11.jar;C:\Users\marq5\.gradle\caches\modules-2\files-2.1\org.lwjgl\lwjgl-freetype\3.3.3\a0db6c84a8becc8ca05f9dbfa985edc348a824c7\lwjgl-freetype-3.3.3.jar;C:\Users\marq5\.gradle\caches\modules-2\files-2.1\org.lwjgl\lwjgl-freetype\3.3.3\81091b006dbb43fab04c8c638e9ac87c51b4096d\lwjgl-freetype-3.3.3-natives-windows.jar;C:\Users\marq5\.gradle\caches\modules-2\files-2.1\org.lwjgl\lwjgl-glfw\3.3.3\efa1eb78c5ccd840e9f329717109b5e892d72f8e\lwjgl-glfw-3.3.3.jar;C:\Users\marq5\.gradle\caches\modules-2\files-2.1\org.lwjgl\lwjgl-glfw\3.3.3\e449e28b4891fc423c54c85fbc5bb0b9efece67a\lwjgl-glfw-3.3.3-natives-windows.jar;C:\Users\marq5\.gradle\caches\modules-2\files-2.1\org.lwjgl\lwjgl-jemalloc\3.3.3\b543467b7ff3c6920539a88ee602d34098628be5\lwjgl-jemalloc-3.3.3.jar;C:\Users\marq5\.gradle\caches\modules-2\files-2.1\org.lwjgl\lwjgl-jemalloc\3.3.3\426222fc027602a5f21b9c0fe79cde6a4c7a011f\lwjgl-jemalloc-3.3.3-natives-windows.jar;C:\Users\marq5\.gradle\caches\modules-2\files-2.1\org.lwjgl\lwjgl-odbc\3.3.3\1719d4813fba2b4272afddcf30db98ec32e8bd37\lwjgl-odbc-3.3.3.jar;C:\Users\marq5\.gradle\caches\modules-2\files-2.1\org.lwjgl\lwjgl-openal\3.3.3\daada81ceb5fc0c291fbfdd4433cb8d9423577f2\lwjgl-openal-3.3.3.jar;C:\Users\marq5\.gradle\caches\modules-2\files-2.1\org.lwjgl\lwjgl-openal\3.3.3\cf83862ae95d98496b26915024c7e666d8ab1c8f\lwjgl-openal-3.3.3-natives-windows.jar;C:\Users\marq5\.gradle\caches\modules-2\files-2.1\org.lwjgl\lwjgl-opengl\3.3.3\2f6b0147078396a58979125a4c947664e98293a\lwjgl-opengl-3.3.3.jar;C:\Users\marq5\.gradle\caches\modules-2\files-2.1\org.lwjgl\lwjgl-opengl\3.3.3\e6c1eec8be8a71951b830a4d69efc01c6531900c\lwjgl-opengl-3.3.3-natives-windows.jar;C:\Users\marq5\.gradle\caches\modules-2\files-2.1\org.lwjgl\lwjgl-stb\3.3.3\25dd6161988d7e65f71d5065c99902402ee32746\lwjgl-stb-3.3.3.jar;C:\Users\marq5\.gradle\caches\modules-2\files-2.1\org.lwjgl\lwjgl-stb\3.3.3\1d9facdf6541de114b0f963be33505b7679c78cb\lwjgl-stb-3.3.3-natives-windows.jar;C:\Users\marq5\.gradle\caches\modules-2\files-2.1\org.lwjgl\lwjgl\3.3.3\29589b5f87ed335a6c7e7ee6a5775f81f97ecb84\lwjgl-3.3.3.jar;C:\Users\marq5\.gradle\caches\modules-2\files-2.1\org.lwjgl\lwjgl\3.3.3\a5ed18a2b82fc91b81f40d717cb1f64c9dcb0540\lwjgl-3.3.3-natives-windows.jar;C:\Users\marq5\.gradle\caches\modules-2\files-2.1\org.joml\joml\1.10.5\22566d58af70ad3d72308bab63b8339906deb649\joml-1.10.5.jar;C:\Users\marq5\.gradle\caches\modules-2\files-2.1\io.netty\netty-handler\4.1.106.Final\874c970c4ff958b1140dde52bc17e6a9e7cde662\netty-handler-4.1.106.Final.jar;C:\Users\marq5\.gradle\caches\modules-2\files-2.1\io.netty\netty-codec\4.1.106.Final\25171b63aa1e7a5fd8a7e4e660d6d3110241ea7\netty-codec-4.1.106.Final.jar;C:\Users\marq5\.gradle\caches\modules-2\files-2.1\io.netty\netty-transport-classes-epoll\4.1.106.Final\c058d5c712e00e8560e519970b3d27747778b8f2\netty-transport-classes-epoll-4.1.106.Final.jar;C:\Users\marq5\.gradle\caches\modules-2\files-2.1\io.netty\netty-transport-native-unix-common\4.1.106.Final\2da179bd95903f0fa73218b8f0d02690c0cfbc94\netty-transport-native-unix-common-4.1.106.Final.jar;C:\Users\marq5\.gradle\caches\modules-2\files-2.1\io.netty\netty-transport\4.1.106.Final\8fcca44ae16b98e15965093e7696832019fd6f27\netty-transport-4.1.106.Final.jar;C:\Users\marq5\.gradle\caches\modules-2\files-2.1\io.netty\netty-buffer\4.1.106.Final\c5495ba59a627641b3a7c23f6bcb801874c7f7b0\netty-buffer-4.1.106.Final.jar;C:\Users\marq5\.gradle\caches\modules-2\files-2.1\io.netty\netty-resolver\4.1.106.Final\e185ae573db04939215f94d6ba869758dcecbde9\netty-resolver-4.1.106.Final.jar;C:\Users\marq5\.gradle\caches\modules-2\files-2.1\io.netty\netty-common\4.1.106.Final\132defb4689f41b51b483b7202b22b6e89fe35fd\netty-common-4.1.106.Final.jar;C:\Users\marq5\.gradle\caches\modules-2\files-2.1\org.apache.logging.log4j\log4j-slf4j-impl\2.22.1\d2cac68225a25a5486ea848af95680573ee3d393\log4j-slf4j-impl-2.22.1.jar;C:\Users\marq5\.gradle\caches\modules-2\files-2.1\org.apache.logging.log4j\log4j-core\2.22.1\7183a25510a02ad00cc6a95d3b3d2a7d3c5a8dc4\log4j-core-2.22.1.jar;C:\Users\marq5\.gradle\caches\modules-2\files-2.1\org.apache.logging.log4j\log4j-api\2.22.1\bea6fede6328fabafd7e68363161a7ea6605abd1\log4j-api-2.22.1.jar;C:\Users\marq5\.gradle\caches\modules-2\files-2.1\com.google.code.gson\gson\2.10.1\b3add478d4382b78ea20b1671390a858002feb6c\gson-2.10.1.jar;C:\Users\marq5\.gradle\caches\modules-2\files-2.1\io.github.spair\imgui-java-binding\1.86.11\9f6655bb12d271cb8c63e4394aa697ded1eae48\imgui-java-binding-1.86.11.jar;C:\Users\marq5\.gradle\caches\modules-2\files-2.1\io.github.spair\imgui-java-natives-windows\1.86.11\7ad16055af581b5029f3938b0a91f98db7194249\imgui-java-natives-windows-1.86.11.jar;C:\Users\marq5\.gradle\caches\modules-2\files-2.1\com.github.KalmeMarq\arg-option-parser\e8a468fef5\e24938ecc22e648a1cecaa42534a69c99ec24f\arg-option-parser-e8a468fef5.jar;C:\Users\marq5\.gradle\caches\modules-2\files-2.1\org.slf4j\slf4j-api\1.7.36\6c62681a2f655b49963a5983b8b0950a6120ae14\slf4j-api-1.7.36.jar
Launcher Type: SUN_STANDARD

[Global flags]
     intx CICompilerCount                          = 4                                         {product} {ergonomic}
     uint ConcGCThreads                            = 3                                         {product} {ergonomic}
     uint G1ConcRefinementThreads                  = 10                                        {product} {ergonomic}
   size_t G1HeapRegionSize                         = 1048576                                   {product} {ergonomic}
    uintx GCDrainStackTargetSize                   = 64                                        {product} {ergonomic}
   size_t InitialHeapSize                          = 132120576                                 {product} {ergonomic}
   size_t MarkStackSize                            = 4194304                                   {product} {ergonomic}
   size_t MaxHeapSize                              = 2113929216                                {product} {ergonomic}
   size_t MaxNewSize                               = 1267728384                                {product} {ergonomic}
   size_t MinHeapDeltaBytes                        = 1048576                                   {product} {ergonomic}
   size_t MinHeapSize                              = 8388608                                   {product} {ergonomic}
    uintx NonNMethodCodeHeapSize                   = 5839372                                {pd product} {ergonomic}
    uintx NonProfiledCodeHeapSize                  = 122909434                              {pd product} {ergonomic}
    uintx ProfiledCodeHeapSize                     = 122909434                              {pd product} {ergonomic}
    uintx ReservedCodeCacheSize                    = 251658240                              {pd product} {ergonomic}
     bool SegmentedCodeCache                       = true                                      {product} {ergonomic}
   size_t SoftMaxHeapSize                          = 2113929216                             {manageable} {ergonomic}
     bool UseCompressedOops                        = true                           {product lp64_product} {ergonomic}
     bool UseG1GC                                  = true                                      {product} {ergonomic}
     bool UseLargePagesIndividualAllocation        = false                                  {pd product} {ergonomic}

Logging:
Log output configuration:
 #0: stdout all=warning uptime,level,tags foldmultilines=false
 #1: stderr all=off uptime,level,tags foldmultilines=false

Environment Variables:
JAVA_HOME=D:\ProgramsFiles\Java\jdk-17.0.7\
PATH=C:\Program Files\Lapce\;D:\ProgramsFiles\Java\openjdk-8u382-b05\bin;C:\Program Files (x86)\Common Files\Oracle\Java\javapath;C:\Windows\system32;C:\Windows;C:\Windows\System32\Wbem;C:\Windows\System32\WindowsPowerShell\v1.0\;C:\Windows\System32\OpenSSH\;C:\Program Files (x86)\NVIDIA Corporation\PhysX\Common;C:\Program Files\NVIDIA Corporation\NVIDIA NvDLISR;C:\WINDOWS\system32;C:\WINDOWS;C:\WINDOWS\System32\Wbem;C:\WINDOWS\System32\WindowsPowerShell\v1.0\;C:\WINDOWS\System32\OpenSSH\;C:\Program Files (x86)\WiX Toolset v3.11\bin;D:\ProgramsFiles\kotlinc\bin;C:\Program Files\dotnet\;C:\Program Files\CMake\bin;D:\ProgramsFiles\regolith\;C:\ProgramData\chocolatey\bin;C:\WINDOWS\system32;C:\WINDOWS;C:\WINDOWS\System32\Wbem;C:\WINDOWS\System32\WindowsPowerShell\v1.0\;C:\WINDOWS\System32\OpenSSH\;D:\ProgramsFiles\nodejs\;D:\ProgramsFiles\VSCodium\bin;D:\ProgramsFiles\GitHub CLI\;D:\ProgramsFiles\Git\cmd;D:\ProgramsFiles\Python\Python312\Scripts\;D:\ProgramsFiles\Python\Python312\;C:\Users\marq5\AppData\Local\pnpm;C:\Users\marq5\.cargo\bin;D:\ProgramsFiles\Python\Python310\Scripts\;D:\ProgramsFiles\Python\Python310\;C:\Users\marq5\AppData\Local\Microsoft\WindowsApps;D:\ProgramsFiles\Microsoft VS Code\bin;C:\Users\marq5\.deno\bin;C:\Program Files (x86)\WiX Toolset v3.11\bin;D:\ProgramsFiles\kotlinc\bin;C:\Users\marq5\.dotnet\tools;D:\ProgramsFiles\Fiddler;C:\Users\marq5\AppData\Local\JetBrains\Toolbox\scripts;D:\ProgramsFiles\bin\gradle-7.6\bin;D:\ProgramsFiles\Java\jdk-17.0.7\\bin;C:\Users\marq5\AppData\Local\Microsoft\WindowsApps;C:\Users\marq5\AppData\Roaming\npm;D:\ProgramsFiles\helix-23.05-x86_64-windows;D:\ProgramsFiles\bin\clangd_16.0.2\bin;C:\Users\marq5\AppData\Local\GitHubDesktop\bin;D:\ProgramsFiles\Neovim\bin;C:\msys64\mingw64\bin;C:\msys64\usr\bin;D:\ProgramsFiles\Java\jdk-17.0.7\bin;D:\ProgramsFiles\flutter\bin;C:\Users\marq5\.dotnet\tools;D:\ProgramsFiles\Qt\6.6.1\mingw_64\bin;C:\tools\neovim\nvim-win64\bin;;C:\Users\marq5\.bun\bin;C:\Users\marq5\.dotnet\tools
USERNAME=marq5
OS=Windows_NT
PROCESSOR_IDENTIFIER=Intel64 Family 6 Model 158 Stepping 10, GenuineIntel
TMP=C:\Users\marq5\AppData\Local\Temp
TEMP=C:\Users\marq5\AppData\Local\Temp




---------------  S Y S T E M  ---------------

OS:
 Windows 11 , 64 bit Build 22621 (10.0.22621.3085)
OS uptime: 0 days 9:14 hours
Hyper-V role detected

CPU: total 12 (initial active 12) (6 cores per cpu, 2 threads per core) family 6 model 158 stepping 10 microcode 0xde, cx8, cmov, fxsr, ht, mmx, 3dnowpref, sse, sse2, sse3, ssse3, sse4.1, sse4.2, popcnt, lzcnt, tsc, tscinvbit, avx, avx2, aes, erms, clmul, bmi1, bmi2, adx, fma, vzeroupper, clflush, clflushopt, hv, rdtscp, f16c
Processor Information for all 12 processors :
  Max Mhz: 2208, Current Mhz: 2208, Mhz Limit: 2208

Memory: 4k page, system-wide physical 8063M (743M free)
TotalPageFile size 19839M (AvailPageFile size 8937M)
current process WorkingSet (physical memory assigned to process): 131M, peak: 132M
current process commit charge ("private bytes"): 258M, peak: 259M

vm_info: OpenJDK 64-Bit Server VM (21+35-2513) for windows-amd64 JRE (21+35-2513), built on 2023-08-09T20:25:10Z by "mach5one" with MS VC++ 17.1 (VS2022)

END.
